<?xml version="1.0" encoding="UTF-8"?>
<!-- Generated by org.testng.reporters.JUnitXMLReporter -->
<testsuite ignored="0" hostname="GT0341" failures="0" tests="3" name="Practo Tests" time="0.197" errors="0" timestamp="2024-09-24T12:25:31 IST">
  <testcase classname="base.baseClass" name="@BeforeClass setUp" time="0.111">
    <failure type="org.openqa.selenium.remote.NoSuchDriverException" message="Unable to obtain: chromedriver, error Illegal char &amp;lt;&amp;quot;&amp;gt; at index 53: C:\Program Files\Google\Chrome\Application\chrome.exe&amp;quot; --profile-directory=&amp;quot;Default
For documentation on this error, please visit: https://www.selenium.dev/documentation/webdriver/troubleshooting/errors/driver_location/
Build info: version: &amp;apos;4.24.0&amp;apos;, revision: &amp;apos;748ffc9bc3&amp;apos;
System info: os.name: &amp;apos;Windows 11&amp;apos;, os.arch: &amp;apos;amd64&amp;apos;, os.version: &amp;apos;10.0&amp;apos;, java.version: &amp;apos;21.0.3&amp;apos;
Driver info: driver.version: ChromeDriver">
      <![CDATA[org.openqa.selenium.remote.NoSuchDriverException: Unable to obtain: chromedriver, error Illegal char <"> at index 53: C:\Program Files\Google\Chrome\Application\chrome.exe" --profile-directory="Default
For documentation on this error, please visit: https://www.selenium.dev/documentation/webdriver/troubleshooting/errors/driver_location/
Build info: version: '4.24.0', revision: '748ffc9bc3'
System info: os.name: 'Windows 11', os.arch: 'amd64', os.version: '10.0', java.version: '21.0.3'
Driver info: driver.version: ChromeDriver
at org.openqa.selenium.remote.service.DriverFinder.getBinaryPaths(DriverFinder.java:121)
at org.openqa.selenium.remote.service.DriverFinder.getDriverPath(DriverFinder.java:55)
at org.openqa.selenium.chrome.ChromeDriver.generateExecutor(ChromeDriver.java:99)
at org.openqa.selenium.chrome.ChromeDriver.<init>(ChromeDriver.java:88)
at org.openqa.selenium.chrome.ChromeDriver.<init>(ChromeDriver.java:83)
at org.openqa.selenium.chrome.ChromeDriver.<init>(ChromeDriver.java:51)
at base.baseClass.setUp(baseClass.java:14)
at java.base/java.util.ArrayList.forEach(ArrayList.java:1596)
Caused by: java.nio.file.InvalidPathException: Illegal char <"> at index 53: C:\Program Files\Google\Chrome\Application\chrome.exe" --profile-directory="Default
at java.base/sun.nio.fs.WindowsPathParser.normalize(WindowsPathParser.java:204)
at java.base/sun.nio.fs.WindowsPathParser.parse(WindowsPathParser.java:175)
at java.base/sun.nio.fs.WindowsPathParser.parse(WindowsPathParser.java:77)
at java.base/sun.nio.fs.WindowsPath.parse(WindowsPath.java:92)
at java.base/sun.nio.fs.WindowsFileSystem.getPath(WindowsFileSystem.java:231)
at java.base/java.nio.file.Path.of(Path.java:148)
at org.openqa.selenium.remote.service.DriverFinder.getBinaryPaths(DriverFinder.java:118)
... 30 more
... Removed 23 stack frames]]>
    </failure>
  </testcase> <!-- @BeforeClass setUp -->
  <testcase classname="base.baseClass" name="@AfterClass tearDown" time="0.0">
    <skipped/>
  </testcase> <!-- @AfterClass tearDown -->
  <testcase classname="testcases.PractoTests" name="verifyDoctorCategoryList" time="0.0">
    <skipped/>
  </testcase> <!-- verifyDoctorCategoryList -->
  <testcase classname="testcases.PractoTests" name="verifyDoctorDetails" time="0.0">
    <skipped/>
  </testcase> <!-- verifyDoctorDetails -->
  <testcase classname="testcases.PractoTests" name="verifyFilteredValues" time="0.001">
    <skipped/>
  </testcase> <!-- verifyFilteredValues -->
</testsuite> <!-- Practo Tests -->
